<?xml version="1.0" encoding="UTF-8"?>
<testng-results ignored="0" total="1" passed="1" failed="0" skipped="0">
  <reporter-output>
  </reporter-output>
  <suite started-at="2022-11-16T10:28:56Z" name="Default suite" finished-at="2022-11-16T10:29:28Z" duration-ms="31799">
    <groups>
    </groups>
    <test started-at="2022-11-16T10:28:56Z" name="Default test" finished-at="2022-11-16T10:29:28Z" duration-ms="31799">
      <class name="com.vne.testcase.DesktopApplication">
        <test-method is-config="true" signature="setup()[pri:0, instance:com.vne.testcase.DesktopApplication@52815fa3]" started-at="2022-11-16T10:28:56Z" name="setup" finished-at="2022-11-16T10:29:15Z" duration-ms="19664" status="PASS">
          <reporter-output>
          </reporter-output>
        </test-method> <!-- setup -->
        <test-method signature="Addition()[pri:0, instance:com.vne.testcase.DesktopApplication@52815fa3]" started-at="2022-11-16T10:29:15Z" name="Addition" finished-at="2022-11-16T10:29:27Z" duration-ms="12083" status="PASS">
          <reporter-output>
          </reporter-output>
        </test-method> <!-- Addition -->
      </class> <!-- com.vne.testcase.DesktopApplication -->
    </test> <!-- Default test -->
  </suite> <!-- Default suite -->
</testng-results>
